#
# There is insufficient memory for the Java Runtime Environment to continue.
# Native memory allocation (malloc) failed to allocate 912016 bytes for Chunk::new
# Possible reasons:
#   The system is out of physical RAM or swap space
#   The process is running with CompressedOops enabled, and the Java Heap may be blocking the growth of the native heap
# Possible solutions:
#   Reduce memory load on the system
#   Increase physical memory or swap space
#   Check if swap backing store is full
#   Decrease Java heap size (-Xmx/-Xms)
#   Decrease number of Java threads
#   Decrease Java thread stack sizes (-Xss)
#   Set larger code cache with -XX:ReservedCodeCacheSize=
#   JVM is running with Unscaled Compressed Oops mode in which the Java heap is
#     placed in the first 4GB address space. The Java Heap base address is the
#     maximum limit for the native heap growth. Please use -XX:HeapBaseMinAddress
#     to set the Java Heap base and to place the Java Heap above 4GB virtual address.
# This output file may be truncated or incomplete.
#
#  Out of Memory Error (allocation.cpp:389), pid=2132, tid=0x0000000000003c24
#
# JRE version: OpenJDK Runtime Environment (8.0_212-b04) (build 1.8.0_212-release-1586-b04)
# Java VM: OpenJDK 64-Bit Server VM (25.212-b04 mixed mode windows-amd64 compressed oops)
# Failed to write core dump. Minidumps are not enabled by default on client versions of Windows
#

---------------  T H R E A D  ---------------

Current thread (0x0000000016f5c000):  JavaThread "C2 CompilerThread1" daemon [_thread_in_native, id=15396, stack(0x0000000019750000,0x0000000019850000)]

Stack: [0x0000000019750000,0x0000000019850000]
[error occurred during error reporting (printing stack bounds), id 0xc0000005]

Native frames: (J=compiled Java code, j=interpreted, Vv=VM code, C=native code)


Current CompileTask:
C2:  73515 15212 %     4       com.android.tools.r8.ir.regalloc.LinearScanRegisterAllocator::a @ 9 (930 bytes)


---------------  P R O C E S S  ---------------

Java Threads: ( => current thread )
  0x000000001c1cd800 JavaThread "ForkJoinPool.commonPool-worker-6" daemon [_thread_blocked, id=15964, stack(0x000000002b390000,0x000000002b490000)]
  0x000000001c1d1800 JavaThread "ForkJoinPool.commonPool-worker-5" daemon [_thread_blocked, id=14692, stack(0x000000002b290000,0x000000002b390000)]
  0x000000001c1cb800 JavaThread "ForkJoinPool.commonPool-worker-3" daemon [_thread_blocked, id=15324, stack(0x000000002b090000,0x000000002b190000)]
  0x000000001c1cd000 JavaThread "ForkJoinPool.commonPool-worker-1" daemon [_thread_blocked, id=8284, stack(0x0000000028400000,0x0000000028500000)]
  0x000000001b955800 JavaThread "WorkerExecutor Queue Thread 8" [_thread_blocked, id=2068, stack(0x0000000028300000,0x0000000028400000)]
  0x000000001b95c000 JavaThread "WorkerExecutor Queue Thread 7" [_thread_blocked, id=13748, stack(0x0000000028200000,0x0000000028300000)]
  0x000000001b95b800 JavaThread "WorkerExecutor Queue Thread 6" [_thread_blocked, id=9280, stack(0x0000000028100000,0x0000000028200000)]
  0x000000001b954000 JavaThread "WorkerExecutor Queue Thread 5" [_thread_blocked, id=7372, stack(0x0000000028000000,0x0000000028100000)]
  0x000000001b95a000 JavaThread "WorkerExecutor Queue Thread 4" [_thread_blocked, id=8332, stack(0x0000000027f00000,0x0000000028000000)]
  0x000000001b95a800 JavaThread "WorkerExecutor Queue Thread 3" [_thread_blocked, id=6112, stack(0x0000000027e00000,0x0000000027f00000)]
  0x000000001b959000 JavaThread "WorkerExecutor Queue Thread 2" [_thread_blocked, id=10752, stack(0x0000000027d00000,0x0000000027e00000)]
  0x000000001b954800 JavaThread "WorkerExecutor Queue" [_thread_blocked, id=15308, stack(0x0000000027c00000,0x0000000027d00000)]
  0x000000001b951800 JavaThread "Cache worker for Java compile cache (C:\Users\Asus\Documents\MMP\.gradle\5.6.4\javaCompile)" [_thread_blocked, id=13768, stack(0x0000000027900000,0x0000000027a00000)]
  0x000000001b958800 JavaThread "Cache worker for Java compile cache (C:\Users\Asus\.gradle\caches\5.6.4\javaCompile)" [_thread_blocked, id=7896, stack(0x0000000027800000,0x0000000027900000)]
  0x000000001b957000 JavaThread "Cache worker for execution history cache (C:\Users\Asus\Documents\MMP\.gradle\5.6.4\executionHistory)" [_thread_blocked, id=6312, stack(0x0000000026ee0000,0x0000000026fe0000)]
  0x000000001b953000 JavaThread "Execution worker for ':' Thread 7" [_thread_in_Java, id=13276, stack(0x00000000269e0000,0x0000000026ae0000)]
  0x000000001b952800 JavaThread "Execution worker for ':' Thread 6" [_thread_in_Java, id=8400, stack(0x00000000268e0000,0x00000000269e0000)]
  0x000000001b9b2000 JavaThread "Execution worker for ':' Thread 5" [_thread_in_Java, id=2200, stack(0x00000000267e0000,0x00000000268e0000)]
  0x000000001b9b0800 JavaThread "Execution worker for ':' Thread 4" [_thread_in_Java, id=13448, stack(0x00000000266e0000,0x00000000267e0000)]
  0x000000001b9b7800 JavaThread "Execution worker for ':' Thread 3" [_thread_in_Java, id=13972, stack(0x00000000265e0000,0x00000000266e0000)]
  0x000000001b9b6800 JavaThread "Execution worker for ':' Thread 2" [_thread_in_Java, id=15640, stack(0x00000000264e0000,0x00000000265e0000)]
  0x000000001b9b5000 JavaThread "Execution worker for ':'" [_thread_in_Java, id=13240, stack(0x0000000025e80000,0x0000000025f80000)]
  0x000000001b9b3800 JavaThread "Cache worker for file content cache (C:\Users\Asus\Documents\MMP\.gradle\5.6.4\fileContent)" [_thread_blocked, id=9700, stack(0x0000000025d80000,0x0000000025e80000)]
  0x000000001b9b3000 JavaThread "Cache worker for file content cache (C:\Users\Asus\.gradle\caches\5.6.4\fileContent)" [_thread_blocked, id=8316, stack(0x0000000025c80000,0x0000000025d80000)]
  0x000000001b9b1800 JavaThread "Memory manager" [_thread_blocked, id=2476, stack(0x0000000025fe0000,0x00000000260e0000)]
  0x000000001b9b4800 JavaThread "Cache worker for Build Output Cleanup Cache (C:\Users\Asus\Documents\MMP\.gradle\buildOutputCleanup)" [_thread_blocked, id=14596, stack(0x0000000024f80000,0x0000000025080000)]
  0x000000001b9a9000 JavaThread "pool-1-thread-1" [_thread_blocked, id=13756, stack(0x0000000024c80000,0x0000000024d80000)]
  0x000000001b9ad000 JavaThread "Build operations Thread 8" [_thread_blocked, id=7640, stack(0x0000000023780000,0x0000000023880000)]
  0x000000001b9aa800 JavaThread "Build operations Thread 7" [_thread_blocked, id=6640, stack(0x0000000023680000,0x0000000023780000)]
  0x000000001b9b0000 JavaThread "Build operations Thread 6" [_thread_blocked, id=14512, stack(0x0000000023580000,0x0000000023680000)]
  0x000000001b9ad800 JavaThread "Build operations Thread 5" [_thread_blocked, id=15772, stack(0x0000000022340000,0x0000000022440000)]
  0x000000001b9ac000 JavaThread "Build operations Thread 4" [_thread_blocked, id=1996, stack(0x0000000022240000,0x0000000022340000)]
  0x000000001b9af000 JavaThread "Build operations Thread 3" [_thread_blocked, id=14064, stack(0x0000000022140000,0x0000000022240000)]
  0x000000001b9ab800 JavaThread "Build operations Thread 2" [_thread_blocked, id=14384, stack(0x0000000022040000,0x0000000022140000)]
  0x000000001b9a8800 JavaThread "Build operations" [_thread_blocked, id=11344, stack(0x0000000021f40000,0x0000000022040000)]
  0x000000001b9aa000 JavaThread "Cache worker for execution history cache (C:\Users\Asus\.gradle\caches\5.6.4\executionHistory)" [_thread_blocked, id=4828, stack(0x0000000023480000,0x0000000023580000)]
  0x000000001b9ae800 JavaThread "Cache worker for cache directory md-rule (C:\Users\Asus\.gradle\caches\5.6.4\md-rule)" [_thread_blocked, id=3092, stack(0x0000000020c70000,0x0000000020d70000)]
  0x0000000019e6f000 JavaThread "Cache worker for cache directory md-supplier (C:\Users\Asus\.gradle\caches\5.6.4\md-supplier)" [_thread_blocked, id=14752, stack(0x000000001ef50000,0x000000001f050000)]
  0x0000000019e6d000 JavaThread "Cache worker for file hash cache (C:\Users\Asus\Documents\MMP\.gradle\5.6.4\fileHashes)" [_thread_blocked, id=10720, stack(0x000000001ee50000,0x000000001ef50000)]
  0x0000000019e6e800 JavaThread "Cache worker for journal cache (C:\Users\Asus\.gradle\caches\journal-1)" [_thread_blocked, id=7752, stack(0x000000001db80000,0x000000001dc80000)]
  0x0000000019e70800 JavaThread "File lock request listener" [_thread_in_native, id=11156, stack(0x000000001da80000,0x000000001db80000)]
  0x0000000019e6c000 JavaThread "Cache worker for file hash cache (C:\Users\Asus\.gradle\caches\5.6.4\fileHashes)" [_thread_blocked, id=7096, stack(0x000000001d980000,0x000000001da80000)]
  0x000000001b7d6000 JavaThread "Thread-9" [_thread_blocked, id=7808, stack(0x000000001d680000,0x000000001d780000)]
  0x000000001b7c6800 JavaThread "Asynchronous log dispatcher for DefaultDaemonConnection: socket connection from /127.0.0.1:56956 to /127.0.0.1:56957" [_thread_blocked, id=812, stack(0x000000001d380000,0x000000001d480000)]
  0x000000001b7bf000 JavaThread "Daemon worker" [_thread_in_Java, id=9876, stack(0x000000001d280000,0x000000001d380000)]
  0x000000001b778800 JavaThread "Cancel handler" [_thread_blocked, id=12340, stack(0x000000001d180000,0x000000001d280000)]
  0x000000001b71c800 JavaThread "Handler for socket connection from /127.0.0.1:56956 to /127.0.0.1:56957" [_thread_in_native, id=10340, stack(0x000000001ce80000,0x000000001cf80000)]
  0x000000001b71c000 JavaThread "Daemon" [_thread_blocked, id=14372, stack(0x000000001cd80000,0x000000001ce80000)]
  0x000000001b6bd000 JavaThread "Daemon periodic checks" [_thread_blocked, id=4992, stack(0x000000001cc80000,0x000000001cd80000)]
  0x000000001b6ac000 JavaThread "Incoming local TCP Connector on port 56956" [_thread_in_native, id=1620, stack(0x000000001ca30000,0x000000001cb30000)]
  0x0000000019c70800 JavaThread "Daemon health stats" [_thread_blocked, id=3260, stack(0x000000001c3f0000,0x000000001c4f0000)]
  0x0000000018e19000 JavaThread "Service Thread" daemon [_thread_blocked, id=12988, stack(0x0000000019a50000,0x0000000019b50000)]
  0x0000000018d87800 JavaThread "C1 CompilerThread3" daemon [_thread_in_native, id=7200, stack(0x0000000019950000,0x0000000019a50000)]
  0x0000000018d77000 JavaThread "C2 CompilerThread2" daemon [_thread_in_native, id=10372, stack(0x0000000019850000,0x0000000019950000)]
=>0x0000000016f5c000 JavaThread "C2 CompilerThread1" daemon [_thread_in_native, id=15396, stack(0x0000000019750000,0x0000000019850000)]
  0x0000000018d73800 JavaThread "C2 CompilerThread0" daemon [_thread_in_native, id=16168, stack(0x0000000019650000,0x0000000019750000)]
  0x0000000018d72800 JavaThread "Attach Listener" daemon [_thread_blocked, id=8200, stack(0x0000000019550000,0x0000000019650000)]
  0x0000000018d76000 JavaThread "Signal Dispatcher" daemon [_thread_blocked, id=13872, stack(0x0000000019450000,0x0000000019550000)]
  0x000000000318d800 JavaThread "Finalizer" daemon [_thread_blocked, id=15932, stack(0x0000000019240000,0x0000000019340000)]
  0x0000000018d60800 JavaThread "Reference Handler" daemon [_thread_blocked, id=9756, stack(0x0000000019140000,0x0000000019240000)]
  0x000000000306e000 JavaThread "main" [_thread_blocked, id=10420, stack(0x0000000002ee0000,0x0000000002fe0000)]

Other Threads:
  0x0000000016f46800 VMThread [stack: 0x0000000018c40000,0x0000000018d40000] [id=3536]
  0x0000000018e19800 WatcherThread [stack: 0x0000000019b50000,0x0000000019c50000] [id=10152]

VM state:not at safepoint (normal execution)

VM Mutex/Monitor currently owned by a thread: None

heap address: 0x00000000a0000000, size: 1536 MB, Compressed Oops mode: 32-bit
Narrow klass base: 0x0000000000000000, Narrow klass shift: 3
Compressed class space size: 1073741824 Address: 0x0000000100000000

Heap:
 PSYoungGen      total 497152K, used 444117K [0x00000000e0000000, 0x0000000100000000, 0x0000000100000000)
  eden space 471040K, 90% used [0x00000000e0000000,0x00000000fa059180,0x00000000fcc00000)
  from space 26112K, 68% used [0x00000000fe680000,0x00000000ff7dc5d0,0x0000000100000000)
  to   space 26624K, 0% used [0x00000000fcc00000,0x00000000fcc00000,0x00000000fe600000)
 ParOldGen       total 227840K, used 123903K [0x00000000a0000000, 0x00000000ade80000, 0x00000000e0000000)
  object space 227840K, 54% used [0x00000000a0000000,0x00000000a78ffc10,0x00000000ade80000)
 Metaspace       used 82756K, capacity 86266K, committed 88576K, reserved 1126400K
  class space    used 11043K, capacity 11713K, committed 12288K, reserved 1048576K

Card table byte_map: [0x0000000012550000,0x0000000012860000] byte_map_base: 0x0000000012050000

Marking Bits: (ParMarkBitMap*) 0x000000006f359f30
 Begin Bits: [0x0000000013260000, 0x0000000014a60000)
 End Bits:   [0x0000000014a60000, 0x0000000016260000)

Polling page: 0x0000000001720000

CodeCache: size=245760Kb used=44826Kb max_used=44880Kb free=200933Kb
 bounds [0x0000000003190000, 0x0000000005e30000, 0x0000000012190000]
 total_blobs=14059 nmethods=13204 adapters=765
 compilation: enabled

Compilation events (10 events):
Event: 73.256 Thread 0x0000000018d87800 16697       2       com.android.tools.r8.ir.analysis.type.ArrayTypeLatticeElement$$Lambda$1054/1553627752::apply (16 bytes)
Event: 73.256 Thread 0x0000000018d87800 nmethod 16697 0x0000000005958190 code [0x0000000005958300, 0x00000000059584e8]
Event: 73.274 Thread 0x0000000018d87800 16698 % !   3       java.util.concurrent.ConcurrentHashMap::transfer @ 99 (832 bytes)
Event: 73.278 Thread 0x0000000018d87800 nmethod 16698% 0x000000000582cdd0 code [0x000000000582d120, 0x000000000582f848]
Event: 73.287 Thread 0x0000000018d87800 16700   !   3       java.util.concurrent.ConcurrentHashMap::transfer (832 bytes)
Event: 73.291 Thread 0x0000000018d87800 nmethod 16700 0x00000000053b3950 code [0x00000000053b3ca0, 0x00000000053b6208]
Event: 73.293 Thread 0x0000000018d87800 16701   !   2       java.util.concurrent.ThreadPoolExecutor::getTask (179 bytes)
Event: 73.294 Thread 0x0000000018d87800 nmethod 16701 0x0000000005192250 code [0x0000000005192420, 0x00000000051929f8]
Event: 73.306 Thread 0x0000000018d87800 16702       1       com.android.tools.r8.u.b.E0::W1 (2 bytes)
Event: 73.306 Thread 0x0000000018d87800 nmethod 16702 0x00000000059f5ad0 code [0x00000000059f5c20, 0x00000000059f5d30]

GC Heap History (10 events):
Event: 67.607 GC heap before
{Heap before GC invocations=36 (full 3):
 PSYoungGen      total 497152K, used 485009K [0x00000000e0000000, 0x00000000ffe00000, 0x0000000100000000)
  eden space 471552K, 100% used [0x00000000e0000000,0x00000000fcc80000,0x00000000fcc80000)
  from space 25600K, 52% used [0x00000000fe500000,0x00000000ff224550,0x00000000ffe00000)
  to   space 25088K, 0% used [0x00000000fcc80000,0x00000000fcc80000,0x00000000fe500000)
 ParOldGen       total 140800K, used 120390K [0x00000000a0000000, 0x00000000a8980000, 0x00000000e0000000)
  object space 140800K, 85% used [0x00000000a0000000,0x00000000a7591b20,0x00000000a8980000)
 Metaspace       used 83499K, capacity 88338K, committed 88576K, reserved 1126400K
  class space    used 11308K, capacity 12179K, committed 12288K, reserved 1048576K
Event: 67.838 GC heap after
Heap after GC invocations=36 (full 3):
 PSYoungGen      total 496640K, used 15732K [0x00000000e0000000, 0x00000000fff80000, 0x0000000100000000)
  eden space 471552K, 0% used [0x00000000e0000000,0x00000000e0000000,0x00000000fcc80000)
  from space 25088K, 62% used [0x00000000fcc80000,0x00000000fdbdd138,0x00000000fe500000)
  to   space 25088K, 0% used [0x00000000fe700000,0x00000000fe700000,0x00000000fff80000)
 ParOldGen       total 140800K, used 129849K [0x00000000a0000000, 0x00000000a8980000, 0x00000000e0000000)
  object space 140800K, 92% used [0x00000000a0000000,0x00000000a7ece5b0,0x00000000a8980000)
 Metaspace       used 83499K, capacity 88338K, committed 88576K, reserved 1126400K
  class space    used 11308K, capacity 12179K, committed 12288K, reserved 1048576K
}
Event: 67.879 GC heap before
{Heap before GC invocations=37 (full 4):
 PSYoungGen      total 496640K, used 15732K [0x00000000e0000000, 0x00000000fff80000, 0x0000000100000000)
  eden space 471552K, 0% used [0x00000000e0000000,0x00000000e0000000,0x00000000fcc80000)
  from space 25088K, 62% used [0x00000000fcc80000,0x00000000fdbdd138,0x00000000fe500000)
  to   space 25088K, 0% used [0x00000000fe700000,0x00000000fe700000,0x00000000fff80000)
 ParOldGen       total 140800K, used 129849K [0x00000000a0000000, 0x00000000a8980000, 0x00000000e0000000)
  object space 140800K, 92% used [0x00000000a0000000,0x00000000a7ece5b0,0x00000000a8980000)
 Metaspace       used 83499K, capacity 88338K, committed 88576K, reserved 1126400K
  class space    used 11308K, capacity 12179K, committed 12288K, reserved 1048576K
Event: 69.387 GC heap after
Heap after GC invocations=37 (full 4):
 PSYoungGen      total 496640K, used 0K [0x00000000e0000000, 0x00000000fff80000, 0x0000000100000000)
  eden space 471552K, 0% used [0x00000000e0000000,0x00000000e0000000,0x00000000fcc80000)
  from space 25088K, 0% used [0x00000000fcc80000,0x00000000fcc80000,0x00000000fe500000)
  to   space 25088K, 0% used [0x00000000fe700000,0x00000000fe700000,0x00000000fff80000)
 ParOldGen       total 227840K, used 103765K [0x00000000a0000000, 0x00000000ade80000, 0x00000000e0000000)
  object space 227840K, 45% used [0x00000000a0000000,0x00000000a65556f8,0x00000000ade80000)
 Metaspace       used 82694K, capacity 86126K, committed 88576K, reserved 1126400K
  class space    used 11039K, capacity 11711K, committed 12288K, reserved 1048576K
}
Event: 70.625 GC heap before
{Heap before GC invocations=38 (full 4):
 PSYoungGen      total 496640K, used 471552K [0x00000000e0000000, 0x00000000fff80000, 0x0000000100000000)
  eden space 471552K, 100% used [0x00000000e0000000,0x00000000fcc80000,0x00000000fcc80000)
  from space 25088K, 0% used [0x00000000fcc80000,0x00000000fcc80000,0x00000000fe500000)
  to   space 25088K, 0% used [0x00000000fe700000,0x00000000fe700000,0x00000000fff80000)
 ParOldGen       total 227840K, used 103766K [0x00000000a0000000, 0x00000000ade80000, 0x00000000e0000000)
  object space 227840K, 45% used [0x00000000a0000000,0x00000000a6555b48,0x00000000ade80000)
 Metaspace       used 82702K, capacity 86138K, committed 88576K, reserved 1126400K
  class space    used 11040K, capacity 11713K, committed 12288K, reserved 1048576K
Event: 70.669 GC heap after
Heap after GC invocations=38 (full 4):
 PSYoungGen      total 498688K, used 7104K [0x00000000e0000000, 0x00000000fff00000, 0x0000000100000000)
  eden space 474112K, 0% used [0x00000000e0000000,0x00000000e0000000,0x00000000fcf00000)
  from space 24576K, 28% used [0x00000000fe700000,0x00000000fedf0020,0x00000000fff00000)
  to   space 24576K, 0% used [0x00000000fcf00000,0x00000000fcf00000,0x00000000fe700000)
 ParOldGen       total 227840K, used 103766K [0x00000000a0000000, 0x00000000ade80000, 0x00000000e0000000)
  object space 227840K, 45% used [0x00000000a0000000,0x00000000a6555b48,0x00000000ade80000)
 Metaspace       used 82702K, capacity 86138K, committed 88576K, reserved 1126400K
  class space    used 11040K, capacity 11713K, committed 12288K, reserved 1048576K
}
Event: 71.816 GC heap before
{Heap before GC invocations=39 (full 4):
 PSYoungGen      total 498688K, used 481216K [0x00000000e0000000, 0x00000000fff00000, 0x0000000100000000)
  eden space 474112K, 100% used [0x00000000e0000000,0x00000000fcf00000,0x00000000fcf00000)
  from space 24576K, 28% used [0x00000000fe700000,0x00000000fedf0020,0x00000000fff00000)
  to   space 24576K, 0% used [0x00000000fcf00000,0x00000000fcf00000,0x00000000fe700000)
 ParOldGen       total 227840K, used 103768K [0x00000000a0000000, 0x00000000ade80000, 0x00000000e0000000)
  object space 227840K, 45% used [0x00000000a0000000,0x00000000a65561e8,0x00000000ade80000)
 Metaspace       used 82704K, capacity 86138K, committed 88576K, reserved 1126400K
  class space    used 11040K, capacity 11713K, committed 12288K, reserved 1048576K
Event: 71.860 GC heap after
Heap after GC invocations=39 (full 4):
 PSYoungGen      total 494080K, used 19865K [0x00000000e0000000, 0x0000000100000000, 0x0000000100000000)
  eden space 474112K, 0% used [0x00000000e0000000,0x00000000e0000000,0x00000000fcf00000)
  from space 19968K, 99% used [0x00000000fcf00000,0x00000000fe2665f8,0x00000000fe280000)
  to   space 26112K, 0% used [0x00000000fe680000,0x00000000fe680000,0x0000000100000000)
 ParOldGen       total 227840K, used 108879K [0x00000000a0000000, 0x00000000ade80000, 0x00000000e0000000)
  object space 227840K, 47% used [0x00000000a0000000,0x00000000a6a53dd8,0x00000000ade80000)
 Metaspace       used 82704K, capacity 86138K, committed 88576K, reserved 1126400K
  class space    used 11040K, capacity 11713K, committed 12288K, reserved 1048576K
}
Event: 72.863 GC heap before
{Heap before GC invocations=40 (full 4):
 PSYoungGen      total 494080K, used 493977K [0x00000000e0000000, 0x0000000100000000, 0x0000000100000000)
  eden space 474112K, 100% used [0x00000000e0000000,0x00000000fcf00000,0x00000000fcf00000)
  from space 19968K, 99% used [0x00000000fcf00000,0x00000000fe2665f8,0x00000000fe280000)
  to   space 26112K, 0% used [0x00000000fe680000,0x00000000fe680000,0x0000000100000000)
 ParOldGen       total 227840K, used 108879K [0x00000000a0000000, 0x00000000ade80000, 0x00000000e0000000)
  object space 227840K, 47% used [0x00000000a0000000,0x00000000a6a53dd8,0x00000000ade80000)
 Metaspace       used 82729K, capacity 86202K, committed 88576K, reserved 1126400K
  class space    used 11042K, capacity 11713K, committed 12288K, reserved 1048576K
Event: 72.974 GC heap after
Heap after GC invocations=40 (full 4):
 PSYoungGen      total 497152K, used 17777K [0x00000000e0000000, 0x0000000100000000, 0x0000000100000000)
  eden space 471040K, 0% used [0x00000000e0000000,0x00000000e0000000,0x00000000fcc00000)
  from space 26112K, 68% used [0x00000000fe680000,0x00000000ff7dc5d0,0x0000000100000000)
  to   space 26624K, 0% used [0x00000000fcc00000,0x00000000fcc00000,0x00000000fe600000)
 ParOldGen       total 227840K, used 123903K [0x00000000a0000000, 0x00000000ade80000, 0x00000000e0000000)
  object space 227840K, 54% used [0x00000000a0000000,0x00000000a78ffc10,0x00000000ade80000)
 Metaspace       used 82729K, capacity 86202K, committed 88576K, reserved 1126400K
  class space    used 11042K, capacity 11713K, committed 12288K, reserved 1048576K
}

Deoptimization events (10 events):
Event: 72.276 Thread 0x000000001b7bf000 Uncommon trap: reason=class_check action=maybe_recompile pc=0x000000000543316c method=com.android.tools.r8.u.b.e0.e()Lcom/android/tools/r8/u/b/d0; @ 3
Event: 72.277 Thread 0x000000001b7bf000 Uncommon trap: reason=class_check action=maybe_recompile pc=0x000000000543316c method=com.android.tools.r8.u.b.e0.e()Lcom/android/tools/r8/u/b/d0; @ 3
Event: 72.316 Thread 0x000000001b9b2000 Uncommon trap: reason=class_check action=maybe_recompile pc=0x0000000003d9a9c0 method=com.android.tools.r8.dex.DexOutputBuffer.g(I)V @ 108
Event: 72.321 Thread 0x000000001b7bf000 Uncommon trap: reason=class_check action=maybe_recompile pc=0x000000000543316c method=com.android.tools.r8.u.b.e0.e()Lcom/android/tools/r8/u/b/d0; @ 3
Event: 72.589 Thread 0x000000001b9b0800 Uncommon trap: reason=class_check action=maybe_recompile pc=0x0000000003d9a9c0 method=com.android.tools.r8.dex.DexOutputBuffer.g(I)V @ 108
Event: 72.985 Thread 0x000000001b7bf000 Uncommon trap: reason=class_check action=maybe_recompile pc=0x00000000052983a8 method=com.android.tools.r8.u.b.g1.a(Lcom/android/tools/r8/u/b/j1;)Lcom/android/tools/r8/ir/analysis/type/k; @ 343
Event: 73.004 Thread 0x000000001b7bf000 Uncommon trap: reason=class_check action=maybe_recompile pc=0x000000000543316c method=com.android.tools.r8.u.b.e0.e()Lcom/android/tools/r8/u/b/d0; @ 3
Event: 73.119 Thread 0x000000001b9b2000 Uncommon trap: reason=unstable_if action=reinterpret pc=0x0000000004f8c4c0 method=java.util.concurrent.ConcurrentHashMap.putVal(Ljava/lang/Object;Ljava/lang/Object;Z)Ljava/lang/Object; @ 331
Event: 73.214 Thread 0x000000001b9b7800 Uncommon trap: reason=unstable_if action=reinterpret pc=0x0000000005e16bb4 method=com.android.tools.r8.v.a.a.a.f.W0.a(I)Z @ 48
Event: 73.273 Thread 0x000000001b9b2000 Uncommon trap: reason=unstable_if action=reinterpret pc=0x0000000004f89ad4 method=java.util.concurrent.ConcurrentHashMap.transfer([Ljava/util/concurrent/ConcurrentHashMap$Node;[Ljava/util/concurrent/ConcurrentHashMap$Node;)V @ 356

Classes redefined (0 events):
No events

Internal exceptions (10 events):
Event: 70.974 Thread 0x000000001b7bf000 Exception <a 'sun/nio/fs/WindowsException'> (0x00000000e71a83f8) thrown at [D:\src\AOSP-openjdk-cygwin\jdk8u\hotspot\src\share\vm\prims\jni.cpp, line 710]
Event: 71.257 Thread 0x000000001b953000 Exception <a 'sun/nio/fs/WindowsException'> (0x00000000f05b1aa0) thrown at [D:\src\AOSP-openjdk-cygwin\jdk8u\hotspot\src\share\vm\prims\jni.cpp, line 710]
Event: 71.495 Thread 0x000000001b7bf000 Exception <a 'sun/nio/fs/WindowsException'> (0x00000000f67cc768) thrown at [D:\src\AOSP-openjdk-cygwin\jdk8u\hotspot\src\share\vm\prims\jni.cpp, line 710]
Event: 72.073 Thread 0x000000001b9b7800 Exception <a 'sun/nio/fs/WindowsException'> (0x00000000e6731188) thrown at [D:\src\AOSP-openjdk-cygwin\jdk8u\hotspot\src\share\vm\prims\jni.cpp, line 710]
Event: 72.074 Thread 0x000000001b953000 Exception <a 'sun/nio/fs/WindowsException'> (0x00000000e4ac2090) thrown at [D:\src\AOSP-openjdk-cygwin\jdk8u\hotspot\src\share\vm\prims\jni.cpp, line 710]
Event: 72.302 Thread 0x000000001b9b7800 Exception <a 'sun/nio/fs/WindowsException'> (0x00000000ed013620) thrown at [D:\src\AOSP-openjdk-cygwin\jdk8u\hotspot\src\share\vm\prims\jni.cpp, line 710]
Event: 72.331 Thread 0x000000001b9b2000 Exception <a 'sun/nio/fs/WindowsException'> (0x00000000ee8c68f8) thrown at [D:\src\AOSP-openjdk-cygwin\jdk8u\hotspot\src\share\vm\prims\jni.cpp, line 710]
Event: 72.642 Thread 0x000000001b9b0800 Exception <a 'sun/nio/fs/WindowsException'> (0x00000000f65fc468) thrown at [D:\src\AOSP-openjdk-cygwin\jdk8u\hotspot\src\share\vm\prims\jni.cpp, line 710]
Event: 73.097 Thread 0x000000001b9b2000 Exception <a 'sun/nio/fs/WindowsException'> (0x00000000e104f5d0) thrown at [D:\src\AOSP-openjdk-cygwin\jdk8u\hotspot\src\share\vm\prims\jni.cpp, line 710]
Event: 73.186 Thread 0x000000001b9b0800 Exception <a 'sun/nio/fs/WindowsException'> (0x00000000e7718668) thrown at [D:\src\AOSP-openjdk-cygwin\jdk8u\hotspot\src\share\vm\prims\jni.cpp, line 710]

Events (10 events):
Event: 73.214 Thread 0x000000001b9b7800 Uncommon trap: trap_request=0xffffff65 fr.pc=0x0000000005e16bb4
Event: 73.214 Thread 0x000000001b9b7800 DEOPT PACKING pc=0x0000000005e16bb4 sp=0x00000000266da730
Event: 73.214 Thread 0x000000001b9b7800 DEOPT UNPACKING pc=0x00000000031d557b sp=0x00000000266da750 mode 2
Event: 73.266 Thread 0x000000001b9b2000 Uncommon trap: trap_request=0xffffff65 fr.pc=0x0000000004f89ad4
Event: 73.266 Executing VM operation: RevokeBias
Event: 73.273 Executing VM operation: RevokeBias done
Event: 73.273 Thread 0x000000001b9b2000 DEOPT PACKING pc=0x0000000004f89ad4 sp=0x00000000268dade0
Event: 73.273 Thread 0x000000001b9b2000 DEOPT UNPACKING pc=0x00000000031d557b sp=0x00000000268dad60 mode 2
Event: 73.306 Thread 0x000000001b9b2000 DEOPT PACKING pc=0x0000000004fafd8b sp=0x00000000268db250
Event: 73.306 Thread 0x000000001b9b2000 DEOPT UNPACKING pc=0x00000000031d75d0 sp=0x00000000268db320 mode 0


Dynamic libraries:
0x00007ff7c8580000 - 0x00007ff7c85b1000 	C:\Program Files\Android\Android Studio\jre\bin\java.exe
0x00007ffeadf80000 - 0x00007ffeae170000 	C:\WINDOWS\SYSTEM32\ntdll.dll
0x00007ffeac030000 - 0x00007ffeac0e2000 	C:\WINDOWS\System32\KERNEL32.DLL
0x00007ffeabc50000 - 0x00007ffeabef3000 	C:\WINDOWS\System32\KERNELBASE.dll
0x00007ffeac9d0000 - 0x00007ffeaca73000 	C:\WINDOWS\System32\ADVAPI32.dll
0x00007ffeac3c0000 - 0x00007ffeac45e000 	C:\WINDOWS\System32\msvcrt.dll
0x00007ffeadcf0000 - 0x00007ffeadd87000 	C:\WINDOWS\System32\sechost.dll
0x00007ffeac490000 - 0x00007ffeac5b0000 	C:\WINDOWS\System32\RPCRT4.dll
0x00007ffeac5c0000 - 0x00007ffeac754000 	C:\WINDOWS\System32\USER32.dll
0x00007ffeabf00000 - 0x00007ffeabf21000 	C:\WINDOWS\System32\win32u.dll
0x00007ffeac460000 - 0x00007ffeac486000 	C:\WINDOWS\System32\GDI32.dll
0x00007ffeab900000 - 0x00007ffeaba94000 	C:\WINDOWS\System32\gdi32full.dll
0x00007ffeab060000 - 0x00007ffeab0fe000 	C:\WINDOWS\System32\msvcp_win.dll
0x00007ffeabf30000 - 0x00007ffeac02a000 	C:\WINDOWS\System32\ucrtbase.dll
0x00007ffe9dcb0000 - 0x00007ffe9df35000 	C:\WINDOWS\WinSxS\amd64_microsoft.windows.common-controls_6595b64144ccf1df_6.0.18362.778_none_e6c6b761130d4fb8\COMCTL32.dll
0x00007ffead1f0000 - 0x00007ffead526000 	C:\WINDOWS\System32\combase.dll
0x00007ffeab880000 - 0x00007ffeab900000 	C:\WINDOWS\System32\bcryptPrimitives.dll
0x00007ffeadf10000 - 0x00007ffeadf3e000 	C:\WINDOWS\System32\IMM32.DLL
0x000000006eab0000 - 0x000000006eb82000 	C:\Program Files\Android\Android Studio\jre\jre\bin\msvcr100.dll
0x000000006eb90000 - 0x000000006f3d6000 	C:\Program Files\Android\Android Studio\jre\jre\bin\server\jvm.dll
0x00007ffeac7d0000 - 0x00007ffeac7d8000 	C:\WINDOWS\System32\PSAPI.DLL
0x00007ffea52e0000 - 0x00007ffea52ea000 	C:\WINDOWS\SYSTEM32\VERSION.dll
0x00007ffea5620000 - 0x00007ffea5629000 	C:\WINDOWS\SYSTEM32\WSOCK32.dll
0x00007ffea1d50000 - 0x00007ffea1d74000 	C:\WINDOWS\SYSTEM32\WINMM.dll
0x00007ffeac8d0000 - 0x00007ffeac93f000 	C:\WINDOWS\System32\WS2_32.dll
0x00007ffea1d20000 - 0x00007ffea1d4d000 	C:\WINDOWS\SYSTEM32\winmmbase.dll
0x00007ffeab010000 - 0x00007ffeab05a000 	C:\WINDOWS\System32\cfgmgr32.dll
0x00007ffea4dc0000 - 0x00007ffea4dcf000 	C:\Program Files\Android\Android Studio\jre\jre\bin\verify.dll
0x00007ffe8d8e0000 - 0x00007ffe8d909000 	C:\Program Files\Android\Android Studio\jre\jre\bin\java.dll
0x00007ffea1520000 - 0x00007ffea1536000 	C:\Program Files\Android\Android Studio\jre\jre\bin\zip.dll
0x00007ffeaca80000 - 0x00007ffead165000 	C:\WINDOWS\System32\SHELL32.dll
0x00007ffeadd90000 - 0x00007ffeade39000 	C:\WINDOWS\System32\shcore.dll
0x00007ffeab100000 - 0x00007ffeab880000 	C:\WINDOWS\System32\windows.storage.dll
0x00007ffeaae70000 - 0x00007ffeaae93000 	C:\WINDOWS\System32\profapi.dll
0x00007ffeaaea0000 - 0x00007ffeaaeea000 	C:\WINDOWS\System32\powrprof.dll
0x00007ffeaae40000 - 0x00007ffeaae50000 	C:\WINDOWS\System32\UMPDC.dll
0x00007ffeac0f0000 - 0x00007ffeac142000 	C:\WINDOWS\System32\shlwapi.dll
0x00007ffeaaef0000 - 0x00007ffeaaf01000 	C:\WINDOWS\System32\kernel.appcore.dll
0x00007ffeaaff0000 - 0x00007ffeab007000 	C:\WINDOWS\System32\cryptsp.dll
0x00007ffea0e90000 - 0x00007ffea0eaa000 	C:\Program Files\Android\Android Studio\jre\jre\bin\net.dll
0x00007ffe9f970000 - 0x00007ffe9fb45000 	C:\WINDOWS\SYSTEM32\urlmon.dll
0x00007ffe9cd20000 - 0x00007ffe9cfc6000 	C:\WINDOWS\SYSTEM32\iertutil.dll
0x00007ffeaa820000 - 0x00007ffeaa82c000 	C:\WINDOWS\SYSTEM32\CRYPTBASE.DLL
0x00007ffeaa650000 - 0x00007ffeaa6b7000 	C:\WINDOWS\system32\mswsock.dll
0x00007ffea0a40000 - 0x00007ffea0a53000 	C:\Program Files\Android\Android Studio\jre\jre\bin\nio.dll
0x00007ffea6860000 - 0x00007ffea6886000 	C:\Users\Asus\.gradle\native\30\windows-amd64\native-platform.dll
0x00007ffea4ce0000 - 0x00007ffea4ced000 	C:\Program Files\Android\Android Studio\jre\jre\bin\management.dll
0x00007ffeaa1c0000 - 0x00007ffeaa1f3000 	C:\WINDOWS\system32\rsaenh.dll
0x00007ffeaaf10000 - 0x00007ffeaaf36000 	C:\WINDOWS\System32\bcrypt.dll
0x00007ffeaad60000 - 0x00007ffeaad85000 	C:\WINDOWS\SYSTEM32\USERENV.dll
0x00007ffeaa360000 - 0x00007ffeaa39a000 	C:\WINDOWS\SYSTEM32\IPHLPAPI.DLL
0x00007ffeac5b0000 - 0x00007ffeac5b8000 	C:\WINDOWS\System32\NSI.dll
0x00007ffea4370000 - 0x00007ffea4386000 	C:\WINDOWS\SYSTEM32\dhcpcsvc6.DLL
0x00007ffea42b0000 - 0x00007ffea42cc000 	C:\WINDOWS\SYSTEM32\dhcpcsvc.DLL
0x00007ffeaa3a0000 - 0x00007ffeaa46a000 	C:\WINDOWS\SYSTEM32\DNSAPI.dll

VM Arguments:
jvm_args: -Xmx1536m -Dfile.encoding=windows-1251 -Duser.country=RU -Duser.language=ru -Duser.variant 
java_command: org.gradle.launcher.daemon.bootstrap.GradleDaemon 5.6.4
java_class_path (initial): C:\Users\Asus\.gradle\wrapper\dists\gradle-5.6.4-all\ankdp27end7byghfw1q2sw75f\gradle-5.6.4\lib\gradle-launcher-5.6.4.jar
Launcher Type: SUN_STANDARD

Environment Variables:
PATH=C:\ProgramData\Oracle\Java\javapath;C:\Program Files (x86)\Common Files\Oracle\Java\javapath;C:\Windows\system32;C:\Windows;C:\Windows\System32\Wbem;C:\Windows\System32\WindowsPowerShell\v1.0\;C:\Program Files (x86)\NVIDIA Corporation\PhysX\Common;C:\WINDOWS\system32;C:\WINDOWS;C:\WINDOWS\System32\Wbem;C:\WINDOWS\System32\WindowsPowerShell\v1.0\;C:\WINDOWS\System32\OpenSSH\;C:\Program Files\Microsoft VS Code\bin;C:\Program Files\Git\cmd;C:\Users\Asus\AppData\Local\Microsoft\WindowsApps;
USERNAME=Asus
OS=Windows_NT
PROCESSOR_IDENTIFIER=Intel64 Family 6 Model 94 Stepping 3, GenuineIntel



---------------  S Y S T E M  ---------------

OS: Windows 10.0 , 64 bit Build 18362 (10.0.18362.778)

CPU:total 8 (initial active 8) (4 cores per cpu, 2 threads per core) family 6 model 94 stepping 3, cmov, cx8, fxsr, mmx, sse, sse2, sse3, ssse3, sse4.1, sse4.2, popcnt, avx, avx2, aes, clmul, erms, rtm, 3dnowpref, lzcnt, ht, tsc, tscinvbit, bmi1, bmi2, adx

Memory: 4k page, physical 8281624k(440664k free), swap 14425624k(3180k free)

vm_info: OpenJDK 64-Bit Server VM (25.212-b04) for windows-amd64 JRE (1.8.0_212-release-1586-b04), built by "builder" with MS VC++ 10.0 (VS2010)

time: Fri Apr 24 21:01:33 2020
timezone: RTZ 1 (зима)
elapsed time: 73 seconds (0d 0h 1m 13s)

